2026-07-23 09:38:43.292 [main] INFO  c.x.job.admin.XxlJobAdminApplication - Starting XxlJobAdminApplication using Java 17.0.19 with PID 11249 (/Users/huanglei/Workspace/Codes/stone/service/stone-job-admin/xxl-job-admin/target/classes started by huanglei in /Users/huanglei/Workspace/Codes/stone/service/stone-job-admin)
2026-07-23 09:38:43.295 [main] INFO  c.x.job.admin.XxlJobAdminApplication - No active profile set, falling back to 1 default profile: "default"
2026-07-23 09:38:44.145 [main] INFO  o.s.boot.tomcat.TomcatWebServer - Tomcat initialized with port 18080 (http)
2026-07-23 09:38:44.152 [main] INFO  o.a.coyote.http11.Http11NioProtocol - Initializing ProtocolHandler ["http-nio-18080"]
2026-07-23 09:38:44.153 [main] INFO  o.a.catalina.core.StandardService - Starting service [Tomcat]
2026-07-23 09:38:44.153 [main] INFO  o.a.catalina.core.StandardEngine - Starting Servlet engine: [Apache Tomcat/11.0.22]
2026-07-23 09:38:44.180 [main] INFO  o.s.b.w.c.s.WebApplicationContextInitializer - Root WebApplicationContext: initialization completed in 763 ms
2026-07-23 09:38:44.590 [JobRegistryHelper#registryMonitorThread] INFO  c.xxl.tool.concurrent.CyclicThread - >>>>>>>>>>> CyclicThread[name = JobRegistryHelper#registryMonitorThread] start.
2026-07-23 09:38:44.590 [JobFailAlarmMonitorHelper#monitorThread] INFO  c.xxl.tool.concurrent.CyclicThread - >>>>>>>>>>> CyclicThread[name = JobFailAlarmMonitorHelper#monitorThread] start.
2026-07-23 09:38:44.591 [JobCompleteHelper#jobMonitorThread] INFO  c.xxl.tool.concurrent.CyclicThread - >>>>>>>>>>> CyclicThread[name = JobCompleteHelper#jobMonitorThread] start.
2026-07-23 09:38:44.592 [JobLogReportHelper#logReportThread] INFO  c.xxl.tool.concurrent.CyclicThread - >>>>>>>>>>> CyclicThread[name = JobLogReportHelper#logReportThread] start.
2026-07-23 09:38:44.594 [main] INFO  c.x.j.a.b.s.c.XxlJobAdminBootstrap - >>>>>>>>> xxl-job admin start success.
2026-07-23 09:38:44.603 [JobRegistryHelper#registryMonitorThread] INFO  com.zaxxer.hikari.HikariDataSource - HikariCP - Starting...
2026-07-23 09:38:44.668 [main] INFO  c.x.s.core.bootstrap.XxlSsoBootstrap - >>>>>>>>>>> xxl-sso XxlSsoBootstrap started.
2026-07-23 09:38:44.698 [main] INFO  c.x.s.c.a.i.XxlSsoWebInterceptor - XxlSsoWebInterceptor init.
2026-07-23 09:38:44.894 [JobRegistryHelper#registryMonitorThread] INFO  com.zaxxer.hikari.pool.HikariPool - HikariCP - Added connection com.mysql.cj.jdbc.ConnectionImpl@57e9a910
2026-07-23 09:38:44.895 [JobRegistryHelper#registryMonitorThread] INFO  com.zaxxer.hikari.HikariDataSource - HikariCP - Start completed.
2026-07-23 09:38:44.970 [main] INFO  o.s.b.a.e.web.EndpointLinksResolver - Exposing 1 endpoint beneath base path '/actuator'
2026-07-23 09:38:45.006 [main] INFO  o.a.coyote.http11.Http11NioProtocol - Starting ProtocolHandler ["http-nio-18080"]
2026-07-23 09:38:45.017 [main] INFO  o.a.c.c.C.[.[.[/xxl-job-admin] - Initializing Spring DispatcherServlet 'dispatcherServlet'
2026-07-23 09:38:45.017 [main] INFO  o.s.web.servlet.DispatcherServlet - Initializing Servlet 'dispatcherServlet'
2026-07-23 09:38:45.018 [main] INFO  o.s.web.servlet.DispatcherServlet - Completed initialization in 1 ms
2026-07-23 09:38:45.019 [main] INFO  o.s.boot.tomcat.TomcatWebServer - Tomcat started on port 18080 (http) with context path '/xxl-job-admin'
2026-07-23 09:38:45.024 [main] INFO  c.x.job.admin.XxlJobAdminApplication - Started XxlJobAdminApplication in 1.942 seconds (process running for 2.83)
2026-07-23 09:38:45.050 [JobRegistryHelper#registryMonitorThread] INFO  c.x.j.a.b.s.thread.JobRegistryHelper - >>>>>>>>>>> xxl-job, JobRegistryHelper, detect changes and refresh JobGroupCache success, appname2GroupCache:{stone-executor=XxlJobGroup{id=3, appname='stone-executor', name='Stone执行器', addressType=0, addressList='null', accessToken='default_token', updateTime=null}, xxl-job-executor-sample-ai=XxlJobGroup{id=2, appname='xxl-job-executor-sample-ai', name='AI执行器Sample', addressType=0, addressList='null', accessToken='default_token', updateTime=null}, xxl-job-executor-sample=XxlJobGroup{id=1, appname='xxl-job-executor-sample', name='通用执行器Sample', addressType=0, addressList='null', accessToken='default_token', updateTime=null}}, id2GroupCache:{1=XxlJobGroup{id=1, appname='xxl-job-executor-sample', name='通用执行器Sample', addressType=0, addressList='null', accessToken='default_token', updateTime=null}, 2=XxlJobGroup{id=2, appname='xxl-job-executor-sample-ai', name='AI执行器Sample', addressType=0, addressList='null', accessToken='default_token', updateTime=null}, 3=XxlJobGroup{id=3, appname='stone-executor', name='Stone执行器', addressType=0, addressList='null', accessToken='default_token', updateTime=null}}
2026-07-23 09:38:49.002 [xxl-job, admin JobScheduleHelper#scheduleThread] INFO  c.x.j.a.b.s.thread.JobScheduleHelper - >>>>>>>>> init xxl-job admin scheduler success.
2026-07-23 09:38:49.037 [xxl-job, admin JobScheduleHelper#scheduleThread] WARN  c.x.j.a.b.s.m.s.MisfireDoNothing - >>>>>>>>>>> xxl-job, schedule MisfireDoNothing: jobId = 5
2026-07-23 10:10:00.112 [JobRegistryHelper#registryMonitorThread] INFO  c.x.j.a.b.s.thread.JobRegistryHelper - >>>>>>>>>>> xxl-job, JobRegistryHelper, detect changes and refresh JobGroupCache success, appname2GroupCache:{stone-executor=XxlJobGroup{id=3, appname='stone-executor', name='Stone执行器', addressType=0, addressList='http://192.168.2.189:9999/', accessToken='default_token', updateTime=null}, xxl-job-executor-sample-ai=XxlJobGroup{id=2, appname='xxl-job-executor-sample-ai', name='AI执行器Sample', addressType=0, addressList='null', accessToken='default_token', updateTime=null}, xxl-job-executor-sample=XxlJobGroup{id=1, appname='xxl-job-executor-sample', name='通用执行器Sample', addressType=0, addressList='null', accessToken='default_token', updateTime=null}}, id2GroupCache:{1=XxlJobGroup{id=1, appname='xxl-job-executor-sample', name='通用执行器Sample', addressType=0, addressList='null', accessToken='default_token', updateTime=null}, 2=XxlJobGroup{id=2, appname='xxl-job-executor-sample-ai', name='AI执行器Sample', addressType=0, addressList='null', accessToken='default_token', updateTime=null}, 3=XxlJobGroup{id=3, appname='stone-executor', name='Stone执行器', addressType=0, addressList='http://192.168.2.189:9999/', accessToken='default_token', updateTime=null}}
2026-07-23 10:10:30.074 [JobRegistryHelper#registryMonitorThread] INFO  c.x.j.a.b.s.thread.JobRegistryHelper - >>>>>>>>>>> xxl-job, JobRegistryHelper, detect changes and refresh JobGroupCache success, appname2GroupCache:{stone-executor=XxlJobGroup{id=3, appname='stone-executor', name='Stone执行器', addressType=0, addressList='null', accessToken='default_token', updateTime=null}, xxl-job-executor-sample-ai=XxlJobGroup{id=2, appname='xxl-job-executor-sample-ai', name='AI执行器Sample', addressType=0, addressList='null', accessToken='default_token', updateTime=null}, xxl-job-executor-sample=XxlJobGroup{id=1, appname='xxl-job-executor-sample', name='通用执行器Sample', addressType=0, addressList='null', accessToken='default_token', updateTime=null}}, id2GroupCache:{1=XxlJobGroup{id=1, appname='xxl-job-executor-sample', name='通用执行器Sample', addressType=0, addressList='null', accessToken='default_token', updateTime=null}, 2=XxlJobGroup{id=2, appname='xxl-job-executor-sample-ai', name='AI执行器Sample', addressType=0, addressList='null', accessToken='default_token', updateTime=null}, 3=XxlJobGroup{id=3, appname='stone-executor', name='Stone执行器', addressType=0, addressList='null', accessToken='default_token', updateTime=null}}
2026-07-23 10:54:00.088 [JobRegistryHelper#registryMonitorThread] INFO  c.x.j.a.b.s.thread.JobRegistryHelper - >>>>>>>>>>> xxl-job, JobRegistryHelper, detect changes and refresh JobGroupCache success, appname2GroupCache:{stone-executor=XxlJobGroup{id=3, appname='stone-executor', name='Stone执行器', addressType=0, addressList='http://192.168.2.189:9999/', accessToken='default_token', updateTime=null}, xxl-job-executor-sample-ai=XxlJobGroup{id=2, appname='xxl-job-executor-sample-ai', name='AI执行器Sample', addressType=0, addressList='null', accessToken='default_token', updateTime=null}, xxl-job-executor-sample=XxlJobGroup{id=1, appname='xxl-job-executor-sample', name='通用执行器Sample', addressType=0, addressList='null', accessToken='default_token', updateTime=null}}, id2GroupCache:{1=XxlJobGroup{id=1, appname='xxl-job-executor-sample', name='通用执行器Sample', addressType=0, addressList='null', accessToken='default_token', updateTime=null}, 2=XxlJobGroup{id=2, appname='xxl-job-executor-sample-ai', name='AI执行器Sample', addressType=0, addressList='null', accessToken='default_token', updateTime=null}, 3=XxlJobGroup{id=3, appname='stone-executor', name='Stone执行器', addressType=0, addressList='http://192.168.2.189:9999/', accessToken='default_token', updateTime=null}}
2026-07-23 10:57:27.109 [http-nio-18080-exec-8] INFO  c.x.j.a.b.s.impl.XxlJobServiceImpl - >>>>>>>>>>> xxl-job operation log: operator = casdoor_service, type = jobinfo-trigger, content = 5
2026-07-23 11:00:23.326 [HikariCP:housekeeper] WARN  com.zaxxer.hikari.pool.HikariPool - HikariCP - Thread starvation or clock leap detected (housekeeper delta=1m20s550ms).
2026-07-23 11:00:23.345 [xxl-job, admin JobScheduleHelper#scheduleThread] WARN  c.x.j.a.b.s.m.s.MisfireDoNothing - >>>>>>>>>>> xxl-job, schedule MisfireDoNothing: jobId = 5
2026-07-23 11:00:23.374 [JobCompleteHelper#jobMonitorThread] INFO  c.xxl.tool.concurrent.CyclicThread - >>>>>>>>>>> CyclicThread[name = JobCompleteHelper#jobMonitorThread] stop.
2026-07-23 11:00:23.374 [JobFailAlarmMonitorHelper#monitorThread] INFO  c.xxl.tool.concurrent.CyclicThread - >>>>>>>>>>> CyclicThread[name = JobFailAlarmMonitorHelper#monitorThread] stop.
2026-07-23 11:00:23.376 [SpringApplicationShutdownHook] INFO  o.s.boot.tomcat.GracefulShutdown - Commencing graceful shutdown. Waiting for active requests to complete
2026-07-23 11:00:23.379 [tomcat-shutdown] INFO  o.s.boot.tomcat.GracefulShutdown - Graceful shutdown complete
2026-07-23 11:00:23.383 [SpringApplicationShutdownHook] INFO  c.x.s.core.bootstrap.XxlSsoBootstrap - >>>>>>>>>>> xxl-sso XxlSsoBootstrap stopped.
2026-07-23 11:00:23.392 [JobLogReportHelper#logReportThread] INFO  c.xxl.tool.concurrent.CyclicThread - >>>>>>>>>>> CyclicThread[name = JobLogReportHelper#logReportThread] stop.
2026-07-23 11:00:23.404 [JobRegistryHelper#registryMonitorThread] INFO  c.xxl.tool.concurrent.CyclicThread - >>>>>>>>>>> CyclicThread[name = JobRegistryHelper#registryMonitorThread] stop.
2026-07-23 11:00:24.000 [xxl-job, admin JobScheduleHelper#scheduleThread] INFO  c.x.j.a.b.s.thread.JobScheduleHelper - >>>>>>>>>>> xxl-job, JobScheduleHelper#scheduleThread stop
2026-07-23 14:02:21.734 [main] INFO  c.x.job.admin.XxlJobAdminApplication - Starting XxlJobAdminApplication using Java 17.0.19 with PID 24961 (/Users/huanglei/Workspace/Codes/stone/service/stone-job-admin/xxl-job-admin/target/classes started by huanglei in /Users/huanglei/Workspace/Codes/stone/service/stone-job-admin)
2026-07-23 14:02:21.737 [main] INFO  c.x.job.admin.XxlJobAdminApplication - No active profile set, falling back to 1 default profile: "default"
2026-07-23 14:02:22.589 [main] INFO  o.s.boot.tomcat.TomcatWebServer - Tomcat initialized with port 18080 (http)
2026-07-23 14:02:22.596 [main] INFO  o.a.coyote.http11.Http11NioProtocol - Initializing ProtocolHandler ["http-nio-18080"]
2026-07-23 14:02:22.597 [main] INFO  o.a.catalina.core.StandardService - Starting service [Tomcat]
2026-07-23 14:02:22.597 [main] INFO  o.a.catalina.core.StandardEngine - Starting Servlet engine: [Apache Tomcat/11.0.22]
2026-07-23 14:02:22.620 [main] INFO  o.s.b.w.c.s.WebApplicationContextInitializer - Root WebApplicationContext: initialization completed in 761 ms
2026-07-23 14:02:23.051 [JobRegistryHelper#registryMonitorThread] INFO  c.xxl.tool.concurrent.CyclicThread - >>>>>>>>>>> CyclicThread[name = JobRegistryHelper#registryMonitorThread] start.
2026-07-23 14:02:23.051 [JobFailAlarmMonitorHelper#monitorThread] INFO  c.xxl.tool.concurrent.CyclicThread - >>>>>>>>>>> CyclicThread[name = JobFailAlarmMonitorHelper#monitorThread] start.
2026-07-23 14:02:23.052 [JobCompleteHelper#jobMonitorThread] INFO  c.xxl.tool.concurrent.CyclicThread - >>>>>>>>>>> CyclicThread[name = JobCompleteHelper#jobMonitorThread] start.
2026-07-23 14:02:23.052 [JobLogReportHelper#logReportThread] INFO  c.xxl.tool.concurrent.CyclicThread - >>>>>>>>>>> CyclicThread[name = JobLogReportHelper#logReportThread] start.
2026-07-23 14:02:23.053 [main] INFO  c.x.j.a.b.s.c.XxlJobAdminBootstrap - >>>>>>>>> xxl-job admin start success.
2026-07-23 14:02:23.062 [JobFailAlarmMonitorHelper#monitorThread] INFO  com.zaxxer.hikari.HikariDataSource - HikariCP - Starting...
2026-07-23 14:02:23.117 [main] INFO  c.x.s.core.bootstrap.XxlSsoBootstrap - >>>>>>>>>>> xxl-sso XxlSsoBootstrap started.
2026-07-23 14:02:23.147 [main] INFO  c.x.s.c.a.i.XxlSsoWebInterceptor - XxlSsoWebInterceptor init.
2026-07-23 14:02:23.338 [JobFailAlarmMonitorHelper#monitorThread] INFO  com.zaxxer.hikari.pool.HikariPool - HikariCP - Added connection com.mysql.cj.jdbc.ConnectionImpl@caf3d06
2026-07-23 14:02:23.339 [JobFailAlarmMonitorHelper#monitorThread] INFO  com.zaxxer.hikari.HikariDataSource - HikariCP - Start completed.
2026-07-23 14:02:23.444 [main] INFO  o.s.b.a.e.web.EndpointLinksResolver - Exposing 1 endpoint beneath base path '/actuator'
2026-07-23 14:02:23.483 [main] INFO  o.a.coyote.http11.Http11NioProtocol - Starting ProtocolHandler ["http-nio-18080"]
2026-07-23 14:02:23.493 [main] INFO  o.a.c.c.C.[.[.[/xxl-job-admin] - Initializing Spring DispatcherServlet 'dispatcherServlet'
2026-07-23 14:02:23.494 [main] INFO  o.s.web.servlet.DispatcherServlet - Initializing Servlet 'dispatcherServlet'
2026-07-23 14:02:23.495 [main] INFO  o.s.web.servlet.DispatcherServlet - Completed initialization in 1 ms
2026-07-23 14:02:23.496 [main] INFO  o.s.boot.tomcat.TomcatWebServer - Tomcat started on port 18080 (http) with context path '/xxl-job-admin'
2026-07-23 14:02:23.501 [main] INFO  c.x.job.admin.XxlJobAdminApplication - Started XxlJobAdminApplication in 1.948 seconds (process running for 2.816)
2026-07-23 14:02:23.514 [JobRegistryHelper#registryMonitorThread] INFO  c.x.j.a.b.s.thread.JobRegistryHelper - >>>>>>>>>>> xxl-job, JobRegistryHelper, detect changes and refresh JobGroupCache success, appname2GroupCache:{stone-executor=XxlJobGroup{id=3, appname='stone-executor', name='Stone执行器', addressType=0, addressList='null', accessToken='default_token', updateTime=null}, xxl-job-executor-sample-ai=XxlJobGroup{id=2, appname='xxl-job-executor-sample-ai', name='AI执行器Sample', addressType=0, addressList='null', accessToken='default_token', updateTime=null}, xxl-job-executor-sample=XxlJobGroup{id=1, appname='xxl-job-executor-sample', name='通用执行器Sample', addressType=0, addressList='null', accessToken='default_token', updateTime=null}}, id2GroupCache:{1=XxlJobGroup{id=1, appname='xxl-job-executor-sample', name='通用执行器Sample', addressType=0, addressList='null', accessToken='default_token', updateTime=null}, 2=XxlJobGroup{id=2, appname='xxl-job-executor-sample-ai', name='AI执行器Sample', addressType=0, addressList='null', accessToken='default_token', updateTime=null}, 3=XxlJobGroup{id=3, appname='stone-executor', name='Stone执行器', addressType=0, addressList='null', accessToken='default_token', updateTime=null}}
2026-07-23 14:02:28.006 [xxl-job, admin JobScheduleHelper#scheduleThread] INFO  c.x.j.a.b.s.thread.JobScheduleHelper - >>>>>>>>> init xxl-job admin scheduler success.
2026-07-23 14:02:28.048 [xxl-job, admin JobScheduleHelper#scheduleThread] WARN  c.x.j.a.b.s.m.s.MisfireDoNothing - >>>>>>>>>>> xxl-job, schedule MisfireDoNothing: jobId = 5
2026-07-23 14:04:00.087 [JobRegistryHelper#registryMonitorThread] INFO  c.x.j.a.b.s.thread.JobRegistryHelper - >>>>>>>>>>> xxl-job, JobRegistryHelper, detect changes and refresh JobGroupCache success, appname2GroupCache:{stone-executor=XxlJobGroup{id=3, appname='stone-executor', name='Stone执行器', addressType=0, addressList='http://192.168.2.189:9999/', accessToken='default_token', updateTime=null}, xxl-job-executor-sample-ai=XxlJobGroup{id=2, appname='xxl-job-executor-sample-ai', name='AI执行器Sample', addressType=0, addressList='null', accessToken='default_token', updateTime=null}, xxl-job-executor-sample=XxlJobGroup{id=1, appname='xxl-job-executor-sample', name='通用执行器Sample', addressType=0, addressList='null', accessToken='default_token', updateTime=null}}, id2GroupCache:{1=XxlJobGroup{id=1, appname='xxl-job-executor-sample', name='通用执行器Sample', addressType=0, addressList='null', accessToken='default_token', updateTime=null}, 2=XxlJobGroup{id=2, appname='xxl-job-executor-sample-ai', name='AI执行器Sample', addressType=0, addressList='null', accessToken='default_token', updateTime=null}, 3=XxlJobGroup{id=3, appname='stone-executor', name='Stone执行器', addressType=0, addressList='http://192.168.2.189:9999/', accessToken='default_token', updateTime=null}}
2026-07-23 14:04:24.947 [http-nio-18080-exec-3] INFO  c.x.j.a.b.s.impl.XxlJobServiceImpl - >>>>>>>>>>> xxl-job operation log: operator = casdoor_service, type = jobinfo-trigger, content = 5
